<component name="libraryTable">
  <library name="junit" type="repository">
    <properties maven-id="junit:junit:4.13.2" />
    <CLASSES>
      <root url="jar://$PROJECT_DIR$/lib/junit-4.13.2.jar!/" />
      <root url="jar://$PROJECT_DIR$/lib/hamcrest-core-1.3.jar!/" />
    </CLASSES>
    <JAVADOC />
    <SOURCES />
    <excluded>
      <root url="jar://$PROJECT_DIR$/../POO_Base de Datos/mysql-connector-j-8.2.0/mysql-connector-j-8.2.0.jar!/" />
    </excluded>
  </library>
</component>